<?xml version="1.0" encoding="UTF-8"?>
<!-- Generated by org.testng.reporters.JUnitReportReporter -->
<testsuite skipped="0" hostname="INLN34327205A" name="com.crm.test.LoginPageTest" tests="3" failures="0" timestamp="12 Nov 2018 10:05:03 GMT" time="39.730" errors="0">
  <testcase name="loginPageTitleTest" time="11.119" classname="com.crm.test.LoginPageTest"/>
  <testcase name="LogoTest" time="9.175" classname="com.crm.test.LoginPageTest"/>
  <testcase name="LoginTest" time="19.436" classname="com.crm.test.LoginPageTest"/>
</testsuite> <!-- com.crm.test.LoginPageTest -->
