<?xml version="1.0" encoding="UTF-8"?>
<!-- Generated by org.testng.reporters.JUnitReportReporter -->
<testsuite skipped="0" hostname="INLN34327205A" name="com.crm.test.ContactPageTest" tests="1" failures="0" timestamp="09 Nov 2018 15:03:01 GMT" time="60.248" errors="0">
  <testcase name="verifycontactlabelTest" time="60.248" classname="com.crm.test.ContactPageTest"/>
</testsuite> <!-- com.crm.test.ContactPageTest -->
