<?xml version="1.0" encoding="UTF-8"?>
<!-- Generated by org.testng.reporters.JUnitReportReporter -->
<testsuite skipped="0" hostname="INLN34327205A" name="com.crm.test.HomePageTest" tests="2" failures="0" timestamp="12 Nov 2018 10:54:36 GMT" time="58.341" errors="0">
  <testcase name="clickonDealsLink" time="21.931" classname="com.crm.test.HomePageTest"/>
  <testcase name="clcikonNewDelasLink" time="36.410" classname="com.crm.test.HomePageTest"/>
</testsuite> <!-- com.crm.test.HomePageTest -->
