<?xml version="1.0" encoding="UTF-8"?>
<!-- Generated by org.testng.reporters.JUnitReportReporter -->
<testsuite skipped="0" hostname="INLN34327205A" name="com.crm.test.TaskPageTest" tests="2" failures="0" timestamp="08 Nov 2018 15:26:19 GMT" time="154.962" errors="0">
  <testcase name="verifyTasklabelTest" time="77.097" classname="com.crm.test.TaskPageTest"/>
  <testcase name="clickonExpandbuttonTest" time="77.865" classname="com.crm.test.TaskPageTest"/>
</testsuite> <!-- com.crm.test.TaskPageTest -->
