<?xml version="1.0" encoding="UTF-8"?>
<!-- Generated by org.testng.reporters.JUnitReportReporter -->
<testsuite skipped="0" hostname="INLN34327205A" name="com.crm.test.DealsPageTest" tests="1" failures="0" timestamp="14 Nov 2018 10:56:19 GMT" time="33.372" errors="0">
  <testcase name="verifyDealText" time="33.372" classname="com.crm.test.DealsPageTest"/>
</testsuite> <!-- com.crm.test.DealsPageTest -->
