<?xml version="1.0" encoding="UTF-8"?>
<!-- Generated by org.testng.reporters.JUnitReportReporter -->
<testsuite skipped="0" hostname="INLN34327205A" name="com.crm.test.TaskPageTest" tests="2" failures="0" timestamp="09 Nov 2018 15:13:43 GMT" time="54.675" errors="0">
  <testcase name="verifyTasklabelTest" time="20.011" classname="com.crm.test.TaskPageTest"/>
  <testcase name="clickonExpandbuttonTest" time="34.664" classname="com.crm.test.TaskPageTest"/>
</testsuite> <!-- com.crm.test.TaskPageTest -->
