<?xml version="1.0" encoding="UTF-8"?>
<!-- Generated by org.testng.reporters.JUnitReportReporter -->
<testsuite skipped="0" hostname="INLN34327205A" name="com.crm.test.HomePageTest" tests="4" failures="0" timestamp="09 Nov 2018 15:13:43 GMT" time="81.165" errors="0">
  <testcase name="verifyHomePageTitleTest" time="18.737" classname="com.crm.test.HomePageTest"/>
  <testcase name="verifyUsernameTest" time="18.674" classname="com.crm.test.HomePageTest"/>
  <testcase name="clickContactLinkTest" time="21.580" classname="com.crm.test.HomePageTest"/>
  <testcase name="clickonTaskLink" time="22.174" classname="com.crm.test.HomePageTest"/>
</testsuite> <!-- com.crm.test.HomePageTest -->
